<?xml version="1.0" encoding="UTF-8"?>
<!-- Generated by org.testng.reporters.JUnitReportReporter -->
<testsuite hostname="DESKTOP-SIVNCC9" failures="0" tests="5" name="myle.testcases.SignUpTest" time="104.785" errors="0" timestamp="31 Oct 2025 19:12:23 GMT">
  <testcase classname="myle.testcases.SignUpTest" name="testLogOutUser" time="17.137"/>
  <testcase classname="myle.testcases.SignUpTest" name="testLoginThenDelete" time="35.029"/>
  <testcase classname="myle.testcases.SignUpTest" name="testRegisterUser" time="25.104"/>
  <testcase classname="myle.testcases.SignUpTest" name="testRegisterUserWithExistingEmail" time="12.773"/>
  <testcase classname="myle.testcases.SignUpTest" name="testLoginFail" time="14.742"/>
</testsuite> <!-- myle.testcases.SignUpTest -->
